Determining if the pthread_create exist failed with the following output:
Change Dir: /home/daichi/catkin_ws/build/CMakeFiles/CMakeTmp

Run Build Command:"/usr/bin/make" "cmTC_3043d/fast"
/usr/bin/make -f CMakeFiles/cmTC_3043d.dir/build.make CMakeFiles/cmTC_3043d.dir/build
make[1]: ディレクトリ '/home/daichi/catkin_ws/build/CMakeFiles/CMakeTmp' に入ります
Building C object CMakeFiles/cmTC_3043d.dir/CheckSymbolExists.c.o
/usr/bin/cc     -o CMakeFiles/cmTC_3043d.dir/CheckSymbolExists.c.o   -c /home/daichi/catkin_ws/build/CMakeFiles/CMakeTmp/CheckSymbolExists.c
Linking C executable cmTC_3043d
/usr/bin/cmake -E cmake_link_script CMakeFiles/cmTC_3043d.dir/link.txt --verbose=1
/usr/bin/cc       CMakeFiles/cmTC_3043d.dir/CheckSymbolExists.c.o  -o cmTC_3043d -rdynamic 
CMakeFiles/cmTC_3043d.dir/CheckSymbolExists.c.o: 関数 `main' 内:
CheckSymbolExists.c:(.text+0x16): `pthread_create' に対する定義されていない参照です
collect2: error: ld returned 1 exit status
CMakeFiles/cmTC_3043d.dir/build.make:97: ターゲット 'cmTC_3043d' のレシピで失敗しました
make[1]: *** [cmTC_3043d] エラー 1
make[1]: ディレクトリ '/home/daichi/catkin_ws/build/CMakeFiles/CMakeTmp' から出ます
Makefile:126: ターゲット 'cmTC_3043d/fast' のレシピで失敗しました
make: *** [cmTC_3043d/fast] エラー 2

File /home/daichi/catkin_ws/build/CMakeFiles/CMakeTmp/CheckSymbolExists.c:
/* */
#include <pthread.h>

int main(int argc, char** argv)
{
  (void)argv;
#ifndef pthread_create
  return ((int*)(&pthread_create))[argc];
#else
  (void)argc;
  return 0;
#endif
}

Determining if the function pthread_create exists in the pthreads failed with the following output:
Change Dir: /home/daichi/catkin_ws/build/CMakeFiles/CMakeTmp

Run Build Command:"/usr/bin/make" "cmTC_7161e/fast"
/usr/bin/make -f CMakeFiles/cmTC_7161e.dir/build.make CMakeFiles/cmTC_7161e.dir/build
make[1]: ディレクトリ '/home/daichi/catkin_ws/build/CMakeFiles/CMakeTmp' に入ります
Building C object CMakeFiles/cmTC_7161e.dir/CheckFunctionExists.c.o
/usr/bin/cc    -DCHECK_FUNCTION_EXISTS=pthread_create   -o CMakeFiles/cmTC_7161e.dir/CheckFunctionExists.c.o   -c /usr/share/cmake-3.5/Modules/CheckFunctionExists.c
Linking C executable cmTC_7161e
/usr/bin/cmake -E cmake_link_script CMakeFiles/cmTC_7161e.dir/link.txt --verbose=1
/usr/bin/cc   -DCHECK_FUNCTION_EXISTS=pthread_create    CMakeFiles/cmTC_7161e.dir/CheckFunctionExists.c.o  -o cmTC_7161e -rdynamic -lpthreads 
/usr/bin/ld: -lpthreads が見つかりません
collect2: error: ld returned 1 exit status
CMakeFiles/cmTC_7161e.dir/build.make:97: ターゲット 'cmTC_7161e' のレシピで失敗しました
make[1]: *** [cmTC_7161e] エラー 1
make[1]: ディレクトリ '/home/daichi/catkin_ws/build/CMakeFiles/CMakeTmp' から出ます
Makefile:126: ターゲット 'cmTC_7161e/fast' のレシピで失敗しました
make: *** [cmTC_7161e/fast] エラー 2


Determining if the Q_WS_WIN exist failed with the following output:
Change Dir: /home/daichi/catkin_ws/build/CMakeFiles/CMakeTmp

Run Build Command:"/usr/bin/make" "cmTC_d868a/fast"
/usr/bin/make -f CMakeFiles/cmTC_d868a.dir/build.make CMakeFiles/cmTC_d868a.dir/build
make[1]: ディレクトリ '/home/daichi/catkin_ws/build/CMakeFiles/CMakeTmp' に入ります
Building CXX object CMakeFiles/cmTC_d868a.dir/CheckSymbolExists.cxx.o
/usr/bin/c++    -I/usr/include/qt4   -o CMakeFiles/cmTC_d868a.dir/CheckSymbolExists.cxx.o -c /home/daichi/catkin_ws/build/CMakeFiles/CMakeTmp/CheckSymbolExists.cxx
/home/daichi/catkin_ws/build/CMakeFiles/CMakeTmp/CheckSymbolExists.cxx: In function ‘int main(int, char**)’:
/home/daichi/catkin_ws/build/CMakeFiles/CMakeTmp/CheckSymbolExists.cxx:8:19: error: ‘Q_WS_WIN’ was not declared in this scope
   return ((int*)(&Q_WS_WIN))[argc];
                   ^
CMakeFiles/cmTC_d868a.dir/build.make:65: ターゲット 'CMakeFiles/cmTC_d868a.dir/CheckSymbolExists.cxx.o' のレシピで失敗しました
make[1]: *** [CMakeFiles/cmTC_d868a.dir/CheckSymbolExists.cxx.o] エラー 1
make[1]: ディレクトリ '/home/daichi/catkin_ws/build/CMakeFiles/CMakeTmp' から出ます
Makefile:126: ターゲット 'cmTC_d868a/fast' のレシピで失敗しました
make: *** [cmTC_d868a/fast] エラー 2

File /home/daichi/catkin_ws/build/CMakeFiles/CMakeTmp/CheckSymbolExists.cxx:
/* */
#include <QtCore/qglobal.h>

int main(int argc, char** argv)
{
  (void)argv;
#ifndef Q_WS_WIN
  return ((int*)(&Q_WS_WIN))[argc];
#else
  (void)argc;
  return 0;
#endif
}

Determining if the Q_WS_QWS exist failed with the following output:
Change Dir: /home/daichi/catkin_ws/build/CMakeFiles/CMakeTmp

Run Build Command:"/usr/bin/make" "cmTC_5dfca/fast"
/usr/bin/make -f CMakeFiles/cmTC_5dfca.dir/build.make CMakeFiles/cmTC_5dfca.dir/build
make[1]: ディレクトリ '/home/daichi/catkin_ws/build/CMakeFiles/CMakeTmp' に入ります
Building CXX object CMakeFiles/cmTC_5dfca.dir/CheckSymbolExists.cxx.o
/usr/bin/c++    -I/usr/include/qt4   -o CMakeFiles/cmTC_5dfca.dir/CheckSymbolExists.cxx.o -c /home/daichi/catkin_ws/build/CMakeFiles/CMakeTmp/CheckSymbolExists.cxx
/home/daichi/catkin_ws/build/CMakeFiles/CMakeTmp/CheckSymbolExists.cxx: In function ‘int main(int, char**)’:
/home/daichi/catkin_ws/build/CMakeFiles/CMakeTmp/CheckSymbolExists.cxx:8:19: error: ‘Q_WS_QWS’ was not declared in this scope
   return ((int*)(&Q_WS_QWS))[argc];
                   ^
CMakeFiles/cmTC_5dfca.dir/build.make:65: ターゲット 'CMakeFiles/cmTC_5dfca.dir/CheckSymbolExists.cxx.o' のレシピで失敗しました
make[1]: *** [CMakeFiles/cmTC_5dfca.dir/CheckSymbolExists.cxx.o] エラー 1
make[1]: ディレクトリ '/home/daichi/catkin_ws/build/CMakeFiles/CMakeTmp' から出ます
Makefile:126: ターゲット 'cmTC_5dfca/fast' のレシピで失敗しました
make: *** [cmTC_5dfca/fast] エラー 2

File /home/daichi/catkin_ws/build/CMakeFiles/CMakeTmp/CheckSymbolExists.cxx:
/* */
#include <QtCore/qglobal.h>

int main(int argc, char** argv)
{
  (void)argv;
#ifndef Q_WS_QWS
  return ((int*)(&Q_WS_QWS))[argc];
#else
  (void)argc;
  return 0;
#endif
}

Determining if the Q_WS_MAC exist failed with the following output:
Change Dir: /home/daichi/catkin_ws/build/CMakeFiles/CMakeTmp

Run Build Command:"/usr/bin/make" "cmTC_9afdb/fast"
/usr/bin/make -f CMakeFiles/cmTC_9afdb.dir/build.make CMakeFiles/cmTC_9afdb.dir/build
make[1]: ディレクトリ '/home/daichi/catkin_ws/build/CMakeFiles/CMakeTmp' に入ります
Building CXX object CMakeFiles/cmTC_9afdb.dir/CheckSymbolExists.cxx.o
/usr/bin/c++    -I/usr/include/qt4   -o CMakeFiles/cmTC_9afdb.dir/CheckSymbolExists.cxx.o -c /home/daichi/catkin_ws/build/CMakeFiles/CMakeTmp/CheckSymbolExists.cxx
/home/daichi/catkin_ws/build/CMakeFiles/CMakeTmp/CheckSymbolExists.cxx: In function ‘int main(int, char**)’:
/home/daichi/catkin_ws/build/CMakeFiles/CMakeTmp/CheckSymbolExists.cxx:8:19: error: ‘Q_WS_MAC’ was not declared in this scope
   return ((int*)(&Q_WS_MAC))[argc];
                   ^
CMakeFiles/cmTC_9afdb.dir/build.make:65: ターゲット 'CMakeFiles/cmTC_9afdb.dir/CheckSymbolExists.cxx.o' のレシピで失敗しました
make[1]: *** [CMakeFiles/cmTC_9afdb.dir/CheckSymbolExists.cxx.o] エラー 1
make[1]: ディレクトリ '/home/daichi/catkin_ws/build/CMakeFiles/CMakeTmp' から出ます
Makefile:126: ターゲット 'cmTC_9afdb/fast' のレシピで失敗しました
make: *** [cmTC_9afdb/fast] エラー 2

File /home/daichi/catkin_ws/build/CMakeFiles/CMakeTmp/CheckSymbolExists.cxx:
/* */
#include <QtCore/qglobal.h>

int main(int argc, char** argv)
{
  (void)argv;
#ifndef Q_WS_MAC
  return ((int*)(&Q_WS_MAC))[argc];
#else
  (void)argc;
  return 0;
#endif
}

